SF:lib/models/session.dart
DA:6,2
DA:12,2
DA:13,2
DA:14,2
DA:15,2
DA:16,2
LF:6
LH:6
end_of_record
SF:lib/services/dataleon_api_service.dart
DA:14,2
DA:17,1
DA:19,4
DA:21,4
DA:22,3
DA:25,6
DA:27,6
DA:30,6
DA:33,6
DA:34,4
DA:37,4
DA:42,2
DA:43,2
DA:44,10
DA:47,4
DA:49,2
DA:50,8
DA:53,4
DA:54,2
DA:56,2
DA:60,4
DA:63,1
DA:68,4
DA:69,2
DA:71,1
DA:72,1
DA:73,1
DA:75,2
DA:78,4
DA:79,1
DA:80,1
DA:81,1
DA:85,2
DA:89,2
DA:92,1
DA:96,6
DA:97,2
DA:99,1
DA:100,1
DA:103,4
DA:104,1
DA:106,1
DA:110,2
DA:114,2
DA:117,1
DA:123,4
DA:124,2
DA:126,1
DA:127,2
DA:132,2
DA:136,4
DA:137,1
DA:139,1
DA:143,2
DA:146,1
DA:151,2
DA:152,1
DA:153,1
DA:159,4
DA:160,1
DA:162,1
DA:166,1
DA:167,2
DA:168,1
DA:171,1
DA:172,2
DA:173,1
DA:179,1
DA:182,1
DA:183,3
DA:189,1
DA:191,6
DA:192,3
DA:194,2
DA:195,1
DA:197,1
DA:201,2
DA:202,1
DA:206,2
DA:210,2
DA:211,10
DA:214,4
DA:216,2
DA:217,2
DA:220,8
DA:221,2
DA:222,2
DA:223,2
DA:227,4
DA:231,2
DA:237,2
DA:238,10
DA:241,2
DA:242,4
DA:243,4
DA:244,6
DA:247,4
DA:248,6
DA:254,4
DA:255,2
DA:257,8
DA:258,1
DA:259,1
DA:260,1
DA:264,4
DA:268,2
DA:269,2
DA:270,10
DA:273,6
DA:275,8
DA:276,2
DA:278,2
DA:283,1
DA:284,2
DA:292,2
DA:294,2
DA:295,6
LF:117
LH:117
end_of_record
SF:lib/core/dataleon_config.dart
DA:9,3
DA:18,6
DA:20,3
DA:21,7
DA:24,2
DA:28,3
DA:29,5
DA:30,1
LF:8
LH:8
end_of_record
SF:lib/core/dataleon_result.dart
DA:7,4
LF:1
LH:1
end_of_record
SF:lib/core/dataleon_status.dart
DA:12,1
DA:14,1
DA:16,1
DA:18,1
DA:20,1
DA:22,1
DA:24,1
DA:26,1
LF:8
LH:8
end_of_record
SF:lib/flow/dataleon_flow_controller.dart
DA:14,1
DA:19,1
DA:60,2
DA:61,2
DA:62,2
DA:63,3
DA:64,2
DA:65,4
DA:66,2
DA:67,6
DA:68,2
DA:69,2
DA:70,0
DA:71,1
DA:72,1
DA:74,2
DA:75,2
DA:76,2
DA:77,2
DA:78,2
DA:79,0
DA:80,0
DA:81,0
DA:82,0
DA:83,0
DA:84,0
DA:85,0
DA:86,1
DA:87,2
DA:89,1
DA:90,3
DA:93,2
DA:94,2
DA:95,2
DA:100,1
DA:101,1
DA:107,1
DA:108,2
DA:109,1
DA:112,3
DA:113,1
DA:114,1
DA:117,1
DA:118,2
DA:119,0
DA:120,0
DA:121,1
DA:122,2
DA:124,1
DA:125,1
DA:126,1
DA:127,4
DA:130,1
DA:131,2
DA:136,1
DA:137,1
DA:138,1
DA:141,1
DA:142,2
DA:143,1
DA:146,1
DA:147,1
DA:148,1
DA:151,1
DA:153,1
DA:154,1
DA:155,1
DA:158,0
DA:159,0
DA:160,0
DA:162,0
DA:163,0
DA:164,0
DA:166,0
DA:167,0
DA:168,0
DA:172,0
DA:175,1
DA:176,1
DA:177,1
DA:180,1
DA:186,3
DA:192,1
DA:193,1
DA:194,2
DA:196,2
DA:198,2
DA:204,1
DA:207,1
DA:208,2
DA:209,2
DA:210,1
DA:213,0
DA:214,0
DA:215,0
DA:216,0
DA:217,0
DA:220,0
DA:221,0
DA:222,0
DA:226,1
DA:227,1
DA:228,1
DA:232,3
DA:233,1
DA:239,0
DA:244,0
DA:245,0
DA:246,0
DA:247,0
DA:250,0
DA:251,0
DA:252,0
DA:256,0
DA:257,0
DA:261,0
DA:262,0
DA:263,0
DA:267,0
DA:268,0
DA:273,0
DA:274,0
DA:278,0
DA:279,0
DA:283,0
DA:284,0
DA:288,0
DA:289,0
DA:298,0
DA:299,0
DA:300,0
DA:303,0
DA:307,0
DA:311,0
DA:312,0
DA:316,0
DA:320,0
DA:321,0
DA:325,0
DA:326,0
DA:327,0
DA:330,0
DA:331,0
DA:332,0
DA:333,0
DA:334,0
DA:335,0
DA:337,0
DA:338,0
DA:339,0
DA:342,0
DA:343,0
DA:346,0
DA:347,0
DA:349,0
DA:350,0
DA:354,0
DA:355,0
DA:356,0
DA:360,0
DA:361,0
DA:362,0
DA:363,0
DA:367,0
DA:368,0
DA:369,0
DA:372,0
DA:373,0
DA:374,0
DA:378,0
DA:379,0
DA:383,0
DA:384,0
DA:385,0
DA:387,0
DA:388,0
DA:389,0
DA:392,0
DA:394,0
DA:397,0
DA:398,0
DA:399,0
DA:402,0
DA:404,0
DA:408,0
DA:409,0
DA:410,0
DA:411,0
DA:415,0
DA:416,0
DA:417,0
DA:421,1
DA:422,2
DA:423,2
DA:430,1
DA:431,1
DA:435,1
DA:436,2
DA:438,2
DA:440,1
DA:444,1
DA:445,4
DA:451,1
DA:452,1
DA:453,1
DA:454,1
DA:457,1
DA:458,2
DA:459,1
DA:460,1
DA:463,2
DA:464,2
DA:465,1
DA:466,1
DA:471,3
DA:472,1
DA:473,2
DA:475,3
DA:476,2
DA:477,1
DA:478,1
DA:480,1
DA:483,1
DA:485,1
DA:486,1
DA:488,2
DA:489,1
DA:491,3
DA:492,1
DA:494,1
DA:499,1
DA:500,1
DA:501,1
DA:504,1
DA:505,5
DA:506,1
DA:510,2
DA:511,1
DA:514,1
DA:515,2
DA:519,2
DA:520,1
DA:523,0
DA:524,0
DA:525,0
DA:529,0
DA:530,0
DA:531,0
DA:532,0
DA:536,0
DA:539,0
DA:540,0
DA:541,0
DA:542,0
DA:543,0
DA:544,0
DA:545,0
DA:546,0
DA:549,1
DA:550,2
DA:551,2
DA:555,1
DA:556,1
DA:559,1
DA:560,1
DA:561,1
DA:564,1
DA:565,1
DA:566,1
DA:569,1
DA:570,2
DA:571,1
DA:574,1
DA:575,2
DA:576,1
DA:579,1
DA:580,1
DA:581,1
DA:585,1
DA:586,2
DA:587,1
DA:591,1
DA:595,1
DA:596,1
DA:598,2
DA:602,1
DA:603,1
DA:606,1
DA:607,1
DA:613,1
DA:619,1
DA:620,1
DA:622,2
DA:628,1
DA:629,1
DA:632,1
DA:633,1
DA:639,1
DA:640,1
DA:641,1
DA:643,2
DA:644,1
DA:645,1
DA:647,1
DA:648,2
DA:652,1
DA:653,1
DA:654,1
DA:655,2
DA:656,1
DA:657,1
DA:658,1
DA:659,1
DA:660,1
DA:661,1
DA:662,1
DA:663,2
DA:664,2
DA:665,2
DA:666,1
DA:669,1
DA:671,2
DA:672,1
LF:323
LH:193
end_of_record
SF:lib/models/step_result.dart
DA:7,1
LF:1
LH:1
end_of_record
SF:lib/i18n/dataleon_localizations.dart
DA:7,0
DA:11,1
DA:13,2
DA:14,1
DA:15,2
DA:18,1
DA:20,2
DA:21,2
DA:26,1
DA:27,1
DA:29,2
DA:30,2
DA:31,1
DA:36,1
DA:43,1
DA:44,1
DA:45,1
DA:46,1
DA:47,1
DA:48,2
DA:49,2
DA:50,1
DA:51,2
DA:52,2
DA:55,2
DA:56,1
DA:57,1
DA:62,1
DA:63,1
DA:64,3
DA:65,1
DA:66,3
DA:67,1
DA:68,1
DA:69,3
DA:70,1
DA:71,3
DA:74,1
DA:75,3
DA:76,1
DA:77,3
DA:80,1
DA:81,3
DA:83,2
DA:84,1
DA:85,1
DA:130,1
DA:134,1
DA:137,2
DA:138,3
DA:144,1
DA:146,1
DA:147,1
DA:148,1
DA:149,1
LF:55
LH:54
end_of_record
