SF:lib/core/dataleon_config.dart
DA:11,3
DA:21,5
DA:25,6
DA:27,3
DA:28,7
DA:31,2
DA:34,1
DA:37,3
DA:38,5
DA:39,1
LF:10
LH:10
end_of_record
SF:lib/services/dataleon_api_service.dart
DA:14,2
DA:17,1
DA:19,4
DA:21,4
DA:22,3
DA:25,6
DA:27,6
DA:30,6
DA:33,6
DA:34,4
DA:37,4
DA:42,2
DA:43,2
DA:44,10
DA:47,4
DA:49,2
DA:50,8
DA:53,4
DA:54,2
DA:56,2
DA:60,4
DA:63,1
DA:64,1
DA:65,5
DA:68,3
DA:69,2
DA:70,2
DA:71,1
DA:77,1
DA:82,4
DA:83,2
DA:85,1
DA:86,1
DA:87,1
DA:89,2
DA:92,4
DA:93,1
DA:94,1
DA:95,1
DA:99,2
DA:103,2
DA:106,1
DA:110,6
DA:111,2
DA:113,1
DA:114,1
DA:117,4
DA:118,1
DA:120,1
DA:124,2
DA:128,2
DA:131,1
DA:137,4
DA:138,2
DA:140,1
DA:141,2
DA:146,2
DA:150,4
DA:151,1
DA:153,1
DA:157,2
DA:160,0
DA:164,0
DA:165,0
DA:167,0
DA:168,0
DA:171,0
DA:175,0
DA:176,0
DA:178,0
DA:182,0
DA:185,0
DA:186,0
DA:187,0
DA:188,0
DA:189,0
DA:190,0
DA:193,0
DA:196,1
DA:201,2
DA:202,1
DA:203,1
DA:209,4
DA:210,1
DA:212,1
DA:216,1
DA:217,2
DA:218,1
DA:221,1
DA:222,2
DA:223,1
DA:229,1
DA:232,1
DA:233,3
DA:239,1
DA:241,6
DA:242,3
DA:244,2
DA:245,1
DA:247,1
DA:251,2
DA:252,1
DA:256,2
DA:260,2
DA:261,10
DA:264,4
DA:266,2
DA:267,2
DA:270,8
DA:271,2
DA:272,2
DA:273,2
DA:277,4
DA:281,2
DA:287,2
DA:288,10
DA:291,2
DA:292,4
DA:293,4
DA:294,6
DA:297,4
DA:298,6
DA:304,4
DA:305,2
DA:307,8
DA:308,1
DA:309,1
DA:310,1
DA:314,4
DA:318,2
DA:319,2
DA:320,10
DA:323,6
DA:325,8
DA:326,2
DA:328,2
DA:333,1
DA:334,2
DA:342,2
DA:344,2
DA:345,6
LF:141
LH:124
end_of_record
SF:lib/models/session.dart
DA:6,2
DA:12,2
DA:13,2
DA:14,2
DA:15,2
DA:16,2
LF:6
LH:6
end_of_record
SF:lib/core/dataleon_result.dart
DA:7,4
LF:1
LH:1
end_of_record
SF:lib/core/dataleon_status.dart
DA:12,1
DA:14,1
DA:16,1
DA:18,1
DA:20,1
DA:22,1
DA:24,1
DA:26,1
LF:8
LH:8
end_of_record
SF:lib/flow/dataleon_flow_controller.dart
DA:17,1
DA:22,1
DA:52,3
DA:71,0
DA:73,2
DA:74,2
DA:75,2
DA:76,3
DA:77,2
DA:78,4
DA:79,2
DA:80,6
DA:81,2
DA:82,2
DA:83,0
DA:84,1
DA:85,1
DA:87,2
DA:88,2
DA:89,2
DA:90,2
DA:91,2
DA:92,2
DA:93,2
DA:94,1
DA:95,1
DA:96,1
DA:97,2
DA:98,1
DA:99,2
DA:100,1
DA:101,1
DA:102,2
DA:104,1
DA:105,2
DA:107,1
DA:108,3
DA:111,2
DA:112,2
DA:115,2
DA:117,1
DA:118,1
DA:122,2
DA:123,0
DA:126,1
DA:127,2
DA:128,1
DA:130,2
DA:132,1
DA:133,1
DA:139,1
DA:140,2
DA:141,1
DA:144,3
DA:145,1
DA:146,1
DA:149,1
DA:150,2
DA:151,1
DA:152,2
DA:153,1
DA:154,2
DA:156,1
DA:157,1
DA:158,1
DA:159,4
DA:162,1
DA:163,2
DA:168,1
DA:169,1
DA:170,1
DA:173,1
DA:174,2
DA:175,1
DA:178,1
DA:179,1
DA:180,1
DA:183,1
DA:185,1
DA:186,1
DA:187,1
DA:190,1
DA:191,1
DA:192,1
DA:194,2
DA:195,2
DA:196,1
DA:198,2
DA:199,2
DA:200,1
DA:204,1
DA:207,1
DA:208,1
DA:209,1
DA:212,1
DA:218,3
DA:224,1
DA:225,1
DA:226,2
DA:228,2
DA:230,2
DA:236,1
DA:239,1
DA:240,2
DA:241,2
DA:242,1
DA:245,1
DA:246,2
DA:247,0
DA:248,0
DA:249,0
DA:252,2
DA:253,1
DA:254,1
DA:258,1
DA:259,2
DA:260,2
DA:264,3
DA:265,1
DA:271,1
DA:276,1
DA:277,2
DA:278,1
DA:279,1
DA:283,1
DA:288,1
DA:289,2
DA:290,1
DA:296,1
DA:303,1
DA:305,1
DA:308,1
DA:313,1
DA:316,1
DA:322,1
DA:328,1
DA:333,1
DA:334,2
DA:335,2
DA:342,1
DA:343,1
DA:344,1
DA:348,1
DA:349,4
DA:353,1
DA:354,1
DA:355,1
DA:359,2
DA:360,1
DA:365,3
DA:366,2
DA:370,1
DA:371,1
DA:375,0
DA:376,0
DA:380,0
DA:381,0
DA:390,1
DA:391,1
DA:392,1
DA:395,1
DA:401,1
DA:405,2
DA:406,0
DA:410,0
DA:411,0
DA:415,0
DA:417,0
DA:418,0
DA:424,0
DA:425,0
DA:429,0
DA:430,1
DA:435,1
DA:436,2
DA:437,3
DA:442,1
DA:443,1
DA:444,1
DA:445,1
DA:448,1
DA:449,1
DA:450,1
DA:451,1
DA:452,1
DA:453,2
DA:455,1
DA:456,1
DA:457,1
DA:460,2
DA:461,1
DA:463,1
DA:465,1
DA:468,0
DA:469,0
DA:471,0
DA:472,0
DA:476,0
DA:477,0
DA:478,0
DA:482,0
DA:483,0
DA:484,0
DA:485,0
DA:489,0
DA:490,0
DA:491,0
DA:494,0
DA:495,0
DA:496,0
DA:499,0
DA:500,0
DA:505,0
DA:508,0
DA:509,0
DA:513,0
DA:514,0
DA:515,0
DA:517,0
DA:518,0
DA:519,0
DA:526,0
DA:528,0
DA:530,0
DA:532,0
DA:535,0
DA:536,0
DA:537,0
DA:540,0
DA:542,0
DA:546,0
DA:547,0
DA:548,0
DA:549,0
DA:553,0
DA:554,0
DA:555,0
DA:559,1
DA:560,2
DA:561,2
DA:568,1
DA:569,1
DA:573,1
DA:574,2
DA:576,2
DA:578,1
DA:582,1
DA:583,4
DA:591,0
DA:593,0
DA:594,0
DA:595,0
DA:596,0
DA:597,0
DA:600,0
DA:601,0
DA:602,0
DA:603,0
DA:604,0
DA:605,0
DA:606,0
DA:607,0
DA:608,0
DA:611,0
DA:612,0
DA:613,0
DA:617,0
DA:618,0
DA:619,0
DA:620,0
DA:621,0
DA:623,0
DA:625,0
DA:635,0
DA:639,0
DA:641,0
DA:643,0
DA:644,0
DA:645,0
DA:647,0
DA:648,0
DA:654,1
DA:655,1
DA:656,1
DA:657,3
DA:663,1
DA:664,1
DA:665,1
DA:666,1
DA:669,1
DA:670,1
DA:671,1
DA:674,1
DA:675,1
DA:676,1
DA:682,1
DA:685,2
DA:686,1
DA:687,1
DA:688,1
DA:689,0
DA:692,0
DA:693,0
DA:698,0
DA:699,0
DA:700,0
DA:703,0
DA:704,0
DA:705,0
DA:708,0
DA:711,0
DA:717,0
DA:718,0
DA:719,0
DA:725,0
DA:731,0
DA:732,0
DA:738,1
DA:739,1
DA:740,1
DA:741,1
DA:744,1
DA:745,2
DA:746,1
DA:747,1
DA:750,2
DA:751,2
DA:752,1
DA:753,1
DA:758,3
DA:759,1
DA:760,2
DA:762,3
DA:763,2
DA:764,1
DA:769,1
DA:770,2
DA:774,2
DA:775,2
DA:776,4
DA:777,1
DA:778,1
DA:779,0
DA:783,1
DA:786,1
DA:790,1
DA:792,1
DA:793,1
DA:795,2
DA:796,1
DA:798,3
DA:799,1
DA:801,1
DA:806,1
DA:807,1
DA:808,1
DA:811,1
DA:812,5
DA:813,1
DA:817,2
DA:818,1
DA:821,1
DA:822,2
DA:826,2
DA:827,1
DA:830,1
DA:831,1
DA:832,1
DA:836,2
DA:837,0
DA:838,0
DA:839,0
DA:843,1
DA:846,1
DA:847,1
DA:848,1
DA:849,1
DA:850,1
DA:851,1
DA:852,1
DA:853,1
DA:856,1
DA:857,2
DA:858,2
DA:862,1
DA:863,1
DA:866,1
DA:867,1
DA:868,1
DA:871,1
DA:872,1
DA:873,1
DA:876,1
DA:877,2
DA:878,1
DA:881,1
DA:882,2
DA:883,1
DA:886,1
DA:887,1
DA:888,1
DA:892,1
DA:893,2
DA:894,1
DA:898,1
DA:902,1
DA:903,1
DA:905,2
DA:909,1
DA:910,1
DA:913,1
DA:914,1
DA:920,1
DA:926,1
DA:927,1
DA:929,2
DA:935,1
DA:936,1
DA:939,1
DA:940,1
DA:946,1
DA:947,1
DA:948,1
DA:950,2
DA:951,1
DA:952,1
DA:954,1
DA:955,2
DA:959,1
DA:960,1
DA:961,1
DA:962,2
DA:963,1
DA:964,1
DA:965,1
DA:966,1
DA:967,1
DA:968,1
DA:969,1
DA:970,2
DA:971,2
DA:972,2
DA:973,1
DA:974,1
DA:975,1
DA:978,1
DA:980,2
DA:981,1
LF:448
LH:331
end_of_record
SF:lib/models/step_result.dart
DA:7,1
LF:1
LH:1
end_of_record
SF:lib/utils/dataleon_font_cache_io.dart
DA:6,0
DA:8,0
DA:9,0
DA:10,0
DA:15,0
DA:17,0
DA:18,0
DA:19,0
LF:8
LH:0
end_of_record
SF:lib/utils/dataleon_web_font_stub.dart
DA:3,0
LF:1
LH:0
end_of_record
SF:lib/i18n/dataleon_localizations.dart
DA:7,0
DA:11,1
DA:13,2
DA:14,1
DA:15,2
DA:18,1
DA:20,2
DA:21,2
DA:26,1
DA:27,1
DA:29,2
DA:30,2
DA:31,1
DA:36,1
DA:43,1
DA:44,1
DA:45,1
DA:46,1
DA:47,1
DA:48,2
DA:49,2
DA:50,1
DA:51,2
DA:52,2
DA:55,2
DA:56,1
DA:57,1
DA:62,1
DA:63,1
DA:64,3
DA:65,1
DA:66,3
DA:67,1
DA:68,1
DA:69,3
DA:70,1
DA:71,3
DA:74,1
DA:75,3
DA:76,1
DA:77,3
DA:80,1
DA:81,3
DA:83,2
DA:84,1
DA:85,1
DA:130,1
DA:134,1
DA:137,2
DA:138,3
DA:144,1
DA:146,1
DA:147,1
DA:148,1
DA:149,1
LF:55
LH:54
end_of_record
